<?xml version="1.0" encoding="UTF-8"?>
<testng-results ignored="0" total="4" passed="4" failed="0" skipped="0">
  <reporter-output>
  </reporter-output>
  <suite started-at="2023-02-26T22:34:27 IST" name="Suite" finished-at="2023-02-26T22:35:07 IST" duration-ms="39933">
    <groups>
    </groups>
    <test started-at="2023-02-26T22:34:27 IST" name="Test" finished-at="2023-02-26T22:35:07 IST" duration-ms="39933">
      <class name="com.tests.DivisionTest">
        <test-method is-config="true" signature="setUp()[pri:0, instance:com.tests.DivisionTest@20ccf40b]" started-at="2023-02-26T22:34:27 IST" name="setUp" finished-at="2023-02-26T22:34:40 IST" duration-ms="12499" status="PASS">
          <reporter-output>
          </reporter-output>
        </test-method> <!-- setUp -->
        <test-method signature="perform_divison()[pri:0, instance:com.tests.DivisionTest@20ccf40b]" started-at="2023-02-26T22:34:40 IST" name="perform_divison" finished-at="2023-02-26T22:34:41 IST" duration-ms="1057" status="PASS">
          <reporter-output>
          </reporter-output>
        </test-method> <!-- perform_divison -->
        <test-method is-config="true" signature="close()[pri:0, instance:com.tests.DivisionTest@20ccf40b]" started-at="2023-02-26T22:34:41 IST" name="close" finished-at="2023-02-26T22:34:42 IST" duration-ms="976" status="PASS">
          <reporter-output>
          </reporter-output>
        </test-method> <!-- close -->
      </class> <!-- com.tests.DivisionTest -->
      <class name="com.tests.SubstractionTest">
        <test-method is-config="true" signature="setUp()[pri:0, instance:com.tests.SubstractionTest@31fa1761]" started-at="2023-02-26T22:34:50 IST" name="setUp" finished-at="2023-02-26T22:34:56 IST" duration-ms="5700" status="PASS">
          <reporter-output>
          </reporter-output>
        </test-method> <!-- setUp -->
        <test-method signature="perform_substraction()[pri:0, instance:com.tests.SubstractionTest@31fa1761]" started-at="2023-02-26T22:34:56 IST" name="perform_substraction" finished-at="2023-02-26T22:34:58 IST" duration-ms="1789" status="PASS">
          <reporter-output>
          </reporter-output>
        </test-method> <!-- perform_substraction -->
        <test-method is-config="true" signature="close()[pri:0, instance:com.tests.SubstractionTest@31fa1761]" started-at="2023-02-26T22:34:58 IST" name="close" finished-at="2023-02-26T22:34:59 IST" duration-ms="979" status="PASS">
          <reporter-output>
          </reporter-output>
        </test-method> <!-- close -->
      </class> <!-- com.tests.SubstractionTest -->
      <class name="com.tests.MultiplicationTest">
        <test-method is-config="true" signature="setUp()[pri:0, instance:com.tests.MultiplicationTest@729d991e]" started-at="2023-02-26T22:34:42 IST" name="setUp" finished-at="2023-02-26T22:34:48 IST" duration-ms="6492" status="PASS">
          <reporter-output>
          </reporter-output>
        </test-method> <!-- setUp -->
        <test-method signature="perform_multiplication()[pri:0, instance:com.tests.MultiplicationTest@729d991e]" started-at="2023-02-26T22:34:48 IST" name="perform_multiplication" finished-at="2023-02-26T22:34:49 IST" duration-ms="1069" status="PASS">
          <reporter-output>
          </reporter-output>
        </test-method> <!-- perform_multiplication -->
        <test-method is-config="true" signature="close()[pri:0, instance:com.tests.MultiplicationTest@729d991e]" started-at="2023-02-26T22:34:49 IST" name="close" finished-at="2023-02-26T22:34:50 IST" duration-ms="773" status="PASS">
          <reporter-output>
          </reporter-output>
        </test-method> <!-- close -->
      </class> <!-- com.tests.MultiplicationTest -->
      <class name="com.tests.AdditionTest">
        <test-method is-config="true" signature="setUp()[pri:0, instance:com.tests.AdditionTest@957e06]" started-at="2023-02-26T22:34:59 IST" name="setUp" finished-at="2023-02-26T22:35:05 IST" duration-ms="6339" status="PASS">
          <reporter-output>
          </reporter-output>
        </test-method> <!-- setUp -->
        <test-method signature="perform_addition()[pri:0, instance:com.tests.AdditionTest@957e06]" started-at="2023-02-26T22:35:05 IST" name="perform_addition" finished-at="2023-02-26T22:35:06 IST" duration-ms="1383" status="PASS">
          <reporter-output>
          </reporter-output>
        </test-method> <!-- perform_addition -->
        <test-method is-config="true" signature="close()[pri:0, instance:com.tests.AdditionTest@957e06]" started-at="2023-02-26T22:35:06 IST" name="close" finished-at="2023-02-26T22:35:07 IST" duration-ms="768" status="PASS">
          <reporter-output>
          </reporter-output>
        </test-method> <!-- close -->
      </class> <!-- com.tests.AdditionTest -->
    </test> <!-- Test -->
  </suite> <!-- Suite -->
</testng-results>
