<?xml version="1.0" encoding="UTF-8"?>
<!-- Generated by org.testng.reporters.JUnitXMLReporter -->
<testsuite ignored="0" hostname="DESKTOP-M1237OQ" failures="0" tests="4" name="Test" time="39.933" errors="0" timestamp="2023-02-26T22:35:07 IST">
  <testcase classname="com.tests.DivisionTest" name="perform_divison" time="1.057"/>
  <testcase classname="com.tests.MultiplicationTest" name="perform_multiplication" time="1.069"/>
  <testcase classname="com.tests.SubstractionTest" name="perform_substraction" time="1.789"/>
  <testcase classname="com.tests.AdditionTest" name="perform_addition" time="1.383"/>
</testsuite> <!-- Test -->
